[19:14:21] [main/INFO]: Using mbed TLS based native cipher.
[19:14:21] [main/INFO]: Using zlib based native compressor.
[19:14:21] [main/INFO]: Enabled Waterfall version git:Waterfall-Bootstrap:1.19-R0.1-SNAPSHOT:f6069e2:513
[19:14:21] [main/INFO]: Not on Windows, attempting to use enhanced EpollEventLoop
[19:14:21] [main/INFO]: Epoll is working, utilising it!
[19:14:21] [main/INFO]: Discovered module: ModuleSpec(name=cmd_alert, file=modules/cmd_alert.jar, provider=JenkinsModuleSource())
[19:14:21] [main/INFO]: Discovered module: ModuleSpec(name=cmd_find, file=modules/cmd_find.jar, provider=JenkinsModuleSource())
[19:14:21] [main/INFO]: Discovered module: ModuleSpec(name=cmd_list, file=modules/cmd_list.jar, provider=JenkinsModuleSource())
[19:14:21] [main/INFO]: Discovered module: ModuleSpec(name=cmd_send, file=modules/cmd_send.jar, provider=JenkinsModuleSource())
[19:14:21] [main/INFO]: Discovered module: ModuleSpec(name=cmd_server, file=modules/cmd_server.jar, provider=JenkinsModuleSource())
[19:14:21] [main/INFO]: Discovered module: ModuleSpec(name=reconnect_yaml, file=modules/reconnect_yaml.jar, provider=JenkinsModuleSource())
[19:14:21] [main/INFO]: Attempting to update plugin from null to ModuleVersion(build=513, git=f6069e2)
[19:14:21] [main/INFO]: Attempting to Jenkins download module cmd_alert v513
[19:14:22] [main/INFO]: Download complete
[19:14:22] [main/INFO]: Attempting to update plugin from null to ModuleVersion(build=513, git=f6069e2)
[19:14:22] [main/INFO]: Attempting to Jenkins download module cmd_find v513
[19:14:22] [main/INFO]: Download complete
[19:14:22] [main/INFO]: Attempting to update plugin from null to ModuleVersion(build=513, git=f6069e2)
[19:14:22] [main/INFO]: Attempting to Jenkins download module cmd_list v513
[19:14:22] [main/INFO]: Download complete
[19:14:22] [main/INFO]: Attempting to update plugin from null to ModuleVersion(build=513, git=f6069e2)
[19:14:22] [main/INFO]: Attempting to Jenkins download module cmd_send v513
[19:14:22] [main/INFO]: Download complete
[19:14:22] [main/INFO]: Attempting to update plugin from null to ModuleVersion(build=513, git=f6069e2)
[19:14:22] [main/INFO]: Attempting to Jenkins download module cmd_server v513
[19:14:22] [main/INFO]: Download complete
[19:14:22] [main/INFO]: Attempting to update plugin from null to ModuleVersion(build=513, git=f6069e2)
[19:14:22] [main/INFO]: Attempting to Jenkins download module reconnect_yaml v513
[19:14:22] [main/INFO]: Download complete
[19:14:22] [main/INFO]: Loaded plugin reconnect_yaml version git:reconnect_yaml:1.19-R0.1-SNAPSHOT:f6069e2:513 by WaterfallMC
[19:14:22] [main/INFO]: Loaded plugin cmd_find version git:cmd_find:1.19-R0.1-SNAPSHOT:f6069e2:513 by WaterfallMC
[19:14:22] [main/INFO]: Loaded plugin cmd_server version git:cmd_server:1.19-R0.1-SNAPSHOT:f6069e2:513 by WaterfallMC
[19:14:22] [main/INFO]: Loaded plugin cmd_alert version git:cmd_alert:1.19-R0.1-SNAPSHOT:f6069e2:513 by WaterfallMC
[19:14:22] [main/INFO]: Loaded plugin cmd_send version git:cmd_send:1.19-R0.1-SNAPSHOT:f6069e2:513 by WaterfallMC
[19:14:22] [main/INFO]: Loaded plugin cmd_list version git:cmd_list:1.19-R0.1-SNAPSHOT:f6069e2:513 by WaterfallMC
[19:14:22] [main/WARN]: :>:>:>:>:>:>:>:>:>:>:>:>:>:>:>:>:>:>:>:>:>:>:>
[19:14:22] [main/WARN]: :>  
[19:14:22] [main/WARN]: :>      EAGLERCRAFTXBUNGEE WARNING:
[19:14:22] [main/WARN]: :>  
[19:14:22] [main/WARN]: :>  This plugin wasn't tested to be 'working'
[19:14:22] [main/WARN]: :>  with ANY version of BungeeCord (and forks)
[19:14:22] [main/WARN]: :>  apart from the versions listed below:
[19:14:22] [main/WARN]: :>  
[19:14:22] [main/WARN]: :>  - BungeeCord: 1.20-R0.3-SNAPSHOT:eda268b:1797
[19:14:22] [main/WARN]: :>  - Waterfall: 1.20-R0.2-SNAPSHOT:92b5149:562
[19:14:22] [main/WARN]: :>  - FlameCord: 1.1.1
[19:14:22] [main/WARN]: :>  
[19:14:22] [main/WARN]: :>  This is not a Bukkit/Spigot plugin!
[19:14:22] [main/WARN]: :>  
[19:14:22] [main/WARN]: :>  Use "-Deaglerxbungee.stfu=true" to hide
[19:14:22] [main/WARN]: :>  
[19:14:22] [main/WARN]: :>:>:>:>:>:>:>:>:>:>:>:>:>:>:>:>:>:>:>:>:>:>:>
[19:14:22] [main/INFO] [EaglercraftXBungee]: Loading vanilla profile: lax1dude
[19:14:23] [Skin Download Thread #1/INFO] [EaglercraftXBungee]: Loaded vanilla profile: lax1dude
[19:14:23] [main/INFO]: Loaded plugin EaglercraftXBungee version 1.0.10 by lax1dude
[19:14:23] [main/WARN]: Forced host server pvp is not defined
[19:14:23] [main/INFO]: Enabled plugin reconnect_yaml version git:reconnect_yaml:1.19-R0.1-SNAPSHOT:f6069e2:513 by WaterfallMC
[19:14:23] [main/INFO]: Enabled plugin cmd_find version git:cmd_find:1.19-R0.1-SNAPSHOT:f6069e2:513 by WaterfallMC
[19:14:23] [main/INFO]: Enabled plugin cmd_server version git:cmd_server:1.19-R0.1-SNAPSHOT:f6069e2:513 by WaterfallMC
[19:14:23] [main/INFO]: Enabled plugin cmd_alert version git:cmd_alert:1.19-R0.1-SNAPSHOT:f6069e2:513 by WaterfallMC
[19:14:23] [main/INFO]: Enabled plugin cmd_send version git:cmd_send:1.19-R0.1-SNAPSHOT:f6069e2:513 by WaterfallMC
[19:14:23] [main/INFO]: Enabled plugin cmd_list version git:cmd_list:1.19-R0.1-SNAPSHOT:f6069e2:513 by WaterfallMC
[19:14:23] [main/ERROR] [EaglercraftXBungee]: Online mode is set to false! Authentication system has been disabled
[19:14:23] [Netty Worker IO Thread #0/INFO] [EaglercraftXBungee]: Eaglercraft is listening on: /0.0.0.0:8081
[19:14:23] [main/INFO] [EaglercraftXBungee]: Downloading from maven: https://repo1.maven.org/maven2/org/xerial/sqlite-jdbc/3.45.0.0/sqlite-jdbc-3.45.0.0.jar
[19:14:23] [EaglerXBungee: Network Tick Tasks/INFO] [EaglercraftXBungee]: Downloading new certificate: https://eaglercraft.com/backup.cert
[19:14:23] [main/INFO] [EaglercraftXBungee]: Connected to database: jdbc:sqlite:eaglercraft_skins_cache.db
[19:14:23] [EaglerXBungee: Network Tick Tasks/INFO] [EaglercraftXBungee]: Loaded certificate: /workspaces/DMSMP/bungee/plugins/EaglercraftXBungee/eagcert/$dl.24a1bafc15c675276968d78cdcb55a04992bddb0.cert
[19:14:23] [main/INFO]: Enabled plugin EaglercraftXBungee version 1.0.10 by lax1dude
[19:14:23] [Netty Boss IO Thread #0/INFO]: Listening on /127.0.0.1:25577
[19:14:35] [main/INFO]: Command not found
